[2024-12-10 16:08:24] Mise en noir et blanc de l'image : '<PIL.WebPImagePlugin.WebPImageFile image mode=RGB size=800x800 at 0x105EEECF0>'.
[2024-12-10 16:23:15] Mise en noir et blanc de l'image : '<PIL.Image.Image image mode=L size=800x800 at 0x10561D310>'.
[2024-12-10 16:25:13] L'image a été mis en noir et blanc
[2024-12-10 16:30:50] L'image a été dilatée
[2024-12-10 16:46:03] L'image a été dilatée
[2024-12-10 16:46:10] L'image a été dilatée
[2024-12-10 16:46:27] L'image a été dilatée
[2024-12-10 16:48:22] L'image a été dilatée
[2024-12-10 16:48:36] L'image a été dilatée
[2024-12-10 16:51:07] L'image a été dilatée
[2024-12-10 16:54:18] L'image a été mis en noir et blanc. 
[2024-12-10 16:54:32] L'image a été mis en noir et blanc. 
[2024-12-10 16:55:09] L'image a été floutée
[2024-12-10 16:55:37] L'image a été tournée
[2024-12-10 16:56:04] L'image a été tournée
[2024-12-11 09:38:30] L'image avec texte a été sauvegardée sous 'img/image_with_text.jpg'.
[2024-12-11 09:41:08] L'image avec texte a été sauvegardée sous 'img/image_with_text.jpg'.
[2024-12-11 10:11:22] L'image avec texte a été sauvegardée sous 'img/image_with_text.jpg'.
[2024-12-11 10:11:58] L'image avec texte a été sauvegardée sous 'img/image_with_text.jpg'.
[2024-12-11 10:12:59] L'image avec texte a été sauvegardée sous 'img/image_with_text.jpg'.
[2024-12-11 10:14:03] L'image avec texte a été sauvegardée sous 'img/image_with_text.jpg'.
[2024-12-11 10:14:27] L'image avec texte a été sauvegardée sous 'img/image_with_text.jpg'.
[2024-12-11 10:16:32] L'image avec texte a été sauvegardée sous 'img/image_with_text.jpg'.
[2024-12-11 10:17:01] L'image avec texte a été sauvegardée sous 'img/image_with_text.jpg'.
[2024-12-11 10:18:29] L'image avec texte a été sauvegardée sous 'img/image_with_text.jpg'.
[2024-12-11 10:19:31] L'image avec texte a été sauvegardée sous 'img/image_with_text.jpg'.
[2024-12-11 10:20:13] L'image avec texte a été sauvegardée sous 'img/image_with_text.jpg'.
[2024-12-11 10:20:51] L'image avec texte a été sauvegardée sous 'img/image_with_text.jpg'.
[2024-12-11 10:20:57] L'image avec texte a été sauvegardée sous 'img/image_with_text.jpg'.
[2024-12-11 10:21:40] L'image avec texte a été sauvegardée sous 'img/image_with_text.jpg'.
[2024-12-11 10:21:51] L'image avec texte a été sauvegardée sous 'img/image_with_text.jpg'.
[2024-12-11 10:30:19] L'image avec texte a été sauvegardée sous 'img/image_with_text.jpg'.
[2024-12-11 10:30:35] Erreur lors de l'ajout de texte à l'image : L'image 'img/moto.jp' est introuvable.
[2024-12-11 10:31:39] L'image 'img/moto.jpg' a été chargée avec succès.
[2024-12-11 10:31:40] L'image a été convertie en niveaux de gris et sauvegardée.
[2024-12-11 10:31:40] L'image a été floutée et sauvegardée.
[2024-12-11 10:31:40] L'image a été dilatée et sauvegardée.
[2024-12-11 10:31:41] L'image a été tournée et sauvegardée.
[2024-12-11 10:31:41] L'image a été redimensionnée et sauvegardée.
[2024-12-11 10:31:41] L'image avec texte a été sauvegardée sous 'img/image_with_text.jpg'.
[2024-12-11 10:33:48] L'image 'img/moto.jpg' a été chargée avec succès.
[2024-12-11 10:33:48] L'image a été convertie en niveaux de gris et sauvegardée.
[2024-12-11 10:33:49] L'image a été floutée et sauvegardée.
[2024-12-11 10:33:49] L'image a été dilatée et sauvegardée.
[2024-12-11 10:33:49] L'image a été tournée et sauvegardée.
[2024-12-11 10:33:49] L'image a été redimensionnée et sauvegardée.
[2024-12-11 10:33:49] L'image avec texte a été sauvegardée sous 'img/image_with_text.jpg'.
[2024-12-11 10:34:59] L'image 'img/moto.jpg' a été chargée avec succès.
[2024-12-11 10:34:59] L'image a été convertie en niveaux de gris et sauvegardée.
[2024-12-11 10:34:59] Erreur lors de l'application du flou : L'intensité doit être un entier positif.
[2024-12-11 10:35:00] L'image a été dilatée et sauvegardée.
[2024-12-11 10:35:00] L'image a été tournée et sauvegardée.
[2024-12-11 10:35:00] L'image a été redimensionnée et sauvegardée.
[2024-12-11 10:35:00] L'image avec texte a été sauvegardée sous 'img/image_with_text.jpg'.
[2024-12-11 10:37:39] L'image 'img/moto.jpg' a été chargée avec succès.
[2024-12-11 10:37:39] L'image a été convertie en niveaux de gris et sauvegardée.
[2024-12-11 10:37:39] L'image a été floutée et sauvegardée.
[2024-12-11 10:37:40] L'image a été dilatée et sauvegardée.
[2024-12-11 10:37:40] L'image a été tournée et sauvegardée.
[2024-12-11 10:37:40] L'image a été redimensionnée et sauvegardée.
[2024-12-11 10:37:40] L'image avec texte a été sauvegardée sous 'img/image_with_text.jpg'.
[2024-12-11 10:38:06] L'image 'img/moto.jpg' a été chargée avec succès.
[2024-12-11 10:38:06] Erreur lors de l'application du flou : L'intensité doit être un entier positif.
[2024-12-11 11:09:37] L'image 'img/moto.jpg' a été chargée avec succès.
[2024-12-11 11:09:37] L'image 'img/moto.jpg' a été chargée avec succès.
[2024-12-11 11:13:10] L'image avec texte a été sauvegardée sous 'img/image_watercolor.jpg'.
[2024-12-11 11:13:10] L'image 'img/moto.jpg' a été chargée avec succès.
[2024-12-11 11:15:11] L'image avec texte a été sauvegardée sous 'img/image_watercolor.jpg'.
[2024-12-11 11:15:12] L'image 'img/moto.jpg' a été chargée avec succès.
[2024-12-11 11:17:38] L'image 'img/moto.jpg' a été chargée avec succès.
[2024-12-11 11:17:47] L'image 'img/moto.jpg' a été chargée avec succès.
[2024-12-11 11:18:38] L'image 'img/moto.jpg' a été chargée avec succès.
[2024-12-11 11:18:55] L'image 'img/moto.jpg' a été chargée avec succès.
[2024-12-11 11:19:01] L'image 'img/moto.jpg' a été chargée avec succès.
[2024-12-11 11:19:19] L'image 'img/moto.jpg' a été chargée avec succès.
[2024-12-11 11:19:19] L'image a été redimensionnée et sauvegardée.
[2024-12-11 11:20:27] L'image 'img/moto.jpg' a été chargée avec succès.
[2024-12-11 11:20:27] L'image avec texte a été sauvegardée sous 'img/image_watercolor.jpg'.
[2024-12-11 11:21:14] L'image 'img/moto.jpg' a été chargée avec succès.
[2024-12-11 11:21:53] L'image 'img/moto.jpg' a été chargée avec succès.
[2024-12-11 11:21:53] Erreur lors de l'ajout de texte à l'image : stat: path should be string, bytes, os.PathLike or integer, not WebPImageFile
[2024-12-11 11:22:24] L'image 'img/moto.jpg' a été chargée avec succès.
[2024-12-11 11:22:24] Erreur lors de l'ajout de texte à l'image : stat: path should be string, bytes, os.PathLike or integer, not WebPImageFile
[2024-12-11 11:22:43] L'image 'img/moto.jpg' a été chargée avec succès.
[2024-12-11 11:22:44] L'image avec texte a été sauvegardée sous 'img/image_watercolor.jpg'.
